<?xml version="1.0" encoding="UTF-8"?>
<testsuites name="New Test Suite" time="50" tests="1" failures="0" errors="0">
   <testsuite name="New Test Suite" tests="1" failures="0" errors="0" time="50" timestamp="2018-05-18 12:48:44" hostname="Yuu - DESKTOP-4NTC6CI" id="Test Suites/New Test Suite">
      <properties>
         <property name="deviceName" value=""/>
         <property name="devicePlatform" value=""/>
         <property name="logFolder" value="C:\\Users\\Yuu\\Katalon Studio\\DangKy\\Reports\\New Test Suite\\20180518_124841"/>
         <property name="logFiles" value="C:\\Users\\Yuu\\Katalon Studio\\DangKy\\Reports\\New Test Suite\\20180518_124841\\execution0.log"/>
         <property name="attachments" value=""/>
         <property name="hostName" value="Yuu - DESKTOP-4NTC6CI"/>
         <property name="os" value="Windows 10 64bit"/>
         <property name="katalonVersion" value="5.4.1.1"/>
         <property name="browser" value="Chrome 66.0.3359.181"/>
         <property name="hostAddress" value="192.168.0.101"/>
         <property name="sessionId" value="6248b3423e09ab5e8fc23104fa7c4444"/>
         <property name="seleniumVersion" value="3.7.1"/>
         <property name="proxyInformation" value="ProxyInformation{proxyOption=NO_PROXY, proxyServerType=HTTP, password=, proxyServerAddress=, proxyServerPort=0}"/>
         <property name="platform" value="Windows 10"/>
      </properties>
      <testcase name="Test Cases/New Test Case" classname="Test Cases/New Test Case" status="PASSED">
         <system-out><![CDATA[2018-05-18 12:48:46 - [TEST_CASE][PASSED] - Test Cases/New Test Case: Test Cases/New Test Case

2018-05-18 12:48:46 - [TEST_STEP][PASSED] - Statement - For ([i = 1, i <= com.kms.katalon.core.testdata.TestDataFactory.findTestData(New Test Data).getRowNumbers(), (i++)]): Browser is closed

2018-05-18 12:48:48 - [TEST_STEP][PASSED] - openBrowser: Browser is opened with url: ''

2018-05-18 12:48:52 - [MESSAGE][PASSED] - Browser is opened with url: ''

2018-05-18 12:48:52 - [TEST_STEP][PASSED] - navigateToUrl: Navigate to 'http://www.sieuthiversion3.somee.com' successfully

2018-05-18 12:48:58 - [MESSAGE][PASSED] - Navigate to 'http://www.sieuthiversion3.somee.com' successfully

2018-05-18 12:48:58 - [TEST_STEP][PASSED] - click: Object: 'Object Repository/Page_Super Market an Ecommerce Onli (3)/a_Create Account' is clicked on

2018-05-18 12:49:00 - [MESSAGE][PASSED] - Object: 'Object Repository/Page_Super Market an Ecommerce Onli (3)/a_Create Account' is clicked on

2018-05-18 12:49:00 - [TEST_STEP][PASSED] - setText: Text 'Hung' is set on object 'Object Repository/Page_Super Market an Ecommerce Onli/input_ctl00MainContentCreateUs'

2018-05-18 12:49:00 - [MESSAGE][PASSED] - Text 'Hung' is set on object 'Object Repository/Page_Super Market an Ecommerce Onli/input_ctl00MainContentCreateUs'

2018-05-18 12:49:00 - [TEST_STEP][PASSED] - setText: Text 'abc@gmail.com' is set on object 'Object Repository/Page_Super Market an Ecommerce Onli/input_ctl00MainContentCreateUs_1'

2018-05-18 12:49:01 - [MESSAGE][PASSED] - Text 'abc@gmail.com' is set on object 'Object Repository/Page_Super Market an Ecommerce Onli/input_ctl00MainContentCreateUs_1'

2018-05-18 12:49:01 - [TEST_STEP][PASSED] - setText: Text 'abc' is set on object 'Object Repository/Page_Super Market an Ecommerce Onli/input_ctl00MainContentCreateUs_2'

2018-05-18 12:49:01 - [MESSAGE][PASSED] - Text 'abc' is set on object 'Object Repository/Page_Super Market an Ecommerce Onli/input_ctl00MainContentCreateUs_2'

2018-05-18 12:49:01 - [TEST_STEP][PASSED] - setText: Text '1234567' is set on object 'Object Repository/Page_Super Market an Ecommerce Onli/input_ctl00MainContentCreateUs_3'

2018-05-18 12:49:01 - [MESSAGE][PASSED] - Text '1234567' is set on object 'Object Repository/Page_Super Market an Ecommerce Onli/input_ctl00MainContentCreateUs_3'

2018-05-18 12:49:01 - [TEST_STEP][PASSED] - setText: Text '123456' is set on object 'Object Repository/Page_Super Market an Ecommerce Onli/input_ctl00MainContentCreateUs_4'

2018-05-18 12:49:01 - [MESSAGE][PASSED] - Text '123456' is set on object 'Object Repository/Page_Super Market an Ecommerce Onli/input_ctl00MainContentCreateUs_4'

2018-05-18 12:49:01 - [TEST_STEP][PASSED] - setText: Text 'Red' is set on object 'Object Repository/Page_Super Market an Ecommerce Onli/input_ctl00MainContentCreateUs_5'

2018-05-18 12:49:02 - [MESSAGE][PASSED] - Text 'Red' is set on object 'Object Repository/Page_Super Market an Ecommerce Onli/input_ctl00MainContentCreateUs_5'

2018-05-18 12:49:02 - [TEST_STEP][PASSED] - Statement - out.print(com.kms.katalon.core.testdata.TestDataFactory.findTestData(New Test Data).getValue("Name", i)): Reading excel file with source file 'C:\Users\Yuu\Desktop\DataTest1.xlsx' and sheet name 'Sheet1'

2018-05-18 12:49:02 - [TEST_STEP][PASSED] - Statement - out.print(com.kms.katalon.core.testdata.TestDataFactory.findTestData(New Test Data).getValue("Email", i)): Reading excel file with source file 'C:\Users\Yuu\Desktop\DataTest1.xlsx' and sheet name 'Sheet1'

2018-05-18 12:49:02 - [TEST_STEP][PASSED] - Statement - out.print(com.kms.katalon.core.testdata.TestDataFactory.findTestData(New Test Data).getValue("UserName", i)): Reading excel file with source file 'C:\Users\Yuu\Desktop\DataTest1.xlsx' and sheet name 'Sheet1'

2018-05-18 12:49:02 - [TEST_STEP][PASSED] - Statement - out.print(com.kms.katalon.core.testdata.TestDataFactory.findTestData(New Test Data).getValue("Password", i)): Reading excel file with source file 'C:\Users\Yuu\Desktop\DataTest1.xlsx' and sheet name 'Sheet1'

2018-05-18 12:49:02 - [TEST_STEP][PASSED] - Statement - out.print(com.kms.katalon.core.testdata.TestDataFactory.findTestData(New Test Data).getValue("CoPassword", i)): Reading excel file with source file 'C:\Users\Yuu\Desktop\DataTest1.xlsx' and sheet name 'Sheet1'

2018-05-18 12:49:02 - [TEST_STEP][PASSED] - Statement - out.print(com.kms.katalon.core.testdata.TestDataFactory.findTestData(New Test Data).getValue("Color", i)): Reading excel file with source file 'C:\Users\Yuu\Desktop\DataTest1.xlsx' and sheet name 'Sheet1'

2018-05-18 12:49:02 - [TEST_STEP][PASSED] - click: Object: 'Object Repository/Page_Super Market an Ecommerce Onli/i' is clicked on

2018-05-18 12:49:02 - [MESSAGE][PASSED] - Object: 'Object Repository/Page_Super Market an Ecommerce Onli/i' is clicked on

2018-05-18 12:49:02 - [TEST_STEP][PASSED] - click: Object: 'Object Repository/Page_Super Market an Ecommerce Onli/input_ctl00MainContentCreateUs_6' is clicked on

2018-05-18 12:49:04 - [MESSAGE][PASSED] - Object: 'Object Repository/Page_Super Market an Ecommerce Onli/input_ctl00MainContentCreateUs_6' is clicked on

2018-05-18 12:49:04 - [TEST_STEP][PASSED] - Statement - If (i < 3): Actual text and expected text of test object 'Object Repository/Page_Super Market an Ecommerce Onli (1)/span_The password and confirma' are matched.

2018-05-18 12:49:04 - [TEST_STEP][PASSED] - verifyElementText: Actual text and expected text of test object 'Object Repository/Page_Super Market an Ecommerce Onli (1)/span_The password and confirma' are matched.

2018-05-18 12:49:04 - [MESSAGE][PASSED] - Actual text and expected text of test object 'Object Repository/Page_Super Market an Ecommerce Onli (1)/span_The password and confirma' are matched.

2018-05-18 12:49:04 - [TEST_STEP][PASSED] - closeBrowser: Browser is closed

2018-05-18 12:49:05 - [MESSAGE][PASSED] - Browser is closed

2018-05-18 12:49:05 - [TEST_STEP][PASSED] - openBrowser: Browser is opened with url: ''

2018-05-18 12:49:08 - [MESSAGE][PASSED] - Browser is opened with url: ''

2018-05-18 12:49:08 - [TEST_STEP][PASSED] - navigateToUrl: Navigate to 'http://www.sieuthiversion3.somee.com' successfully

2018-05-18 12:49:14 - [MESSAGE][PASSED] - Navigate to 'http://www.sieuthiversion3.somee.com' successfully

2018-05-18 12:49:14 - [TEST_STEP][PASSED] - click: Object: 'Object Repository/Page_Super Market an Ecommerce Onli (3)/a_Create Account' is clicked on

2018-05-18 12:49:15 - [MESSAGE][PASSED] - Object: 'Object Repository/Page_Super Market an Ecommerce Onli (3)/a_Create Account' is clicked on

2018-05-18 12:49:15 - [TEST_STEP][PASSED] - setText: Text 'Hung' is set on object 'Object Repository/Page_Super Market an Ecommerce Onli/input_ctl00MainContentCreateUs'

2018-05-18 12:49:15 - [MESSAGE][PASSED] - Text 'Hung' is set on object 'Object Repository/Page_Super Market an Ecommerce Onli/input_ctl00MainContentCreateUs'

2018-05-18 12:49:15 - [TEST_STEP][PASSED] - setText: Text 'abc@gmail.com' is set on object 'Object Repository/Page_Super Market an Ecommerce Onli/input_ctl00MainContentCreateUs_1'

2018-05-18 12:49:16 - [MESSAGE][PASSED] - Text 'abc@gmail.com' is set on object 'Object Repository/Page_Super Market an Ecommerce Onli/input_ctl00MainContentCreateUs_1'

2018-05-18 12:49:16 - [TEST_STEP][PASSED] - setText: Text 'abc' is set on object 'Object Repository/Page_Super Market an Ecommerce Onli/input_ctl00MainContentCreateUs_2'

2018-05-18 12:49:16 - [MESSAGE][PASSED] - Text 'abc' is set on object 'Object Repository/Page_Super Market an Ecommerce Onli/input_ctl00MainContentCreateUs_2'

2018-05-18 12:49:16 - [TEST_STEP][PASSED] - setText: Text '123456' is set on object 'Object Repository/Page_Super Market an Ecommerce Onli/input_ctl00MainContentCreateUs_3'

2018-05-18 12:49:16 - [MESSAGE][PASSED] - Text '123456' is set on object 'Object Repository/Page_Super Market an Ecommerce Onli/input_ctl00MainContentCreateUs_3'

2018-05-18 12:49:16 - [TEST_STEP][PASSED] - setText: Text '1234567' is set on object 'Object Repository/Page_Super Market an Ecommerce Onli/input_ctl00MainContentCreateUs_4'

2018-05-18 12:49:17 - [MESSAGE][PASSED] - Text '1234567' is set on object 'Object Repository/Page_Super Market an Ecommerce Onli/input_ctl00MainContentCreateUs_4'

2018-05-18 12:49:17 - [TEST_STEP][PASSED] - setText: Text 'Red' is set on object 'Object Repository/Page_Super Market an Ecommerce Onli/input_ctl00MainContentCreateUs_5'

2018-05-18 12:49:17 - [MESSAGE][PASSED] - Text 'Red' is set on object 'Object Repository/Page_Super Market an Ecommerce Onli/input_ctl00MainContentCreateUs_5'

2018-05-18 12:49:17 - [TEST_STEP][PASSED] - Statement - out.print(com.kms.katalon.core.testdata.TestDataFactory.findTestData(New Test Data).getValue("Name", i)): Reading excel file with source file 'C:\Users\Yuu\Desktop\DataTest1.xlsx' and sheet name 'Sheet1'

2018-05-18 12:49:17 - [TEST_STEP][PASSED] - Statement - out.print(com.kms.katalon.core.testdata.TestDataFactory.findTestData(New Test Data).getValue("Email", i)): Reading excel file with source file 'C:\Users\Yuu\Desktop\DataTest1.xlsx' and sheet name 'Sheet1'

2018-05-18 12:49:17 - [TEST_STEP][PASSED] - Statement - out.print(com.kms.katalon.core.testdata.TestDataFactory.findTestData(New Test Data).getValue("UserName", i)): Reading excel file with source file 'C:\Users\Yuu\Desktop\DataTest1.xlsx' and sheet name 'Sheet1'

2018-05-18 12:49:17 - [TEST_STEP][PASSED] - Statement - out.print(com.kms.katalon.core.testdata.TestDataFactory.findTestData(New Test Data).getValue("Password", i)): Reading excel file with source file 'C:\Users\Yuu\Desktop\DataTest1.xlsx' and sheet name 'Sheet1'

2018-05-18 12:49:17 - [TEST_STEP][PASSED] - Statement - out.print(com.kms.katalon.core.testdata.TestDataFactory.findTestData(New Test Data).getValue("CoPassword", i)): Reading excel file with source file 'C:\Users\Yuu\Desktop\DataTest1.xlsx' and sheet name 'Sheet1'

2018-05-18 12:49:17 - [TEST_STEP][PASSED] - Statement - out.print(com.kms.katalon.core.testdata.TestDataFactory.findTestData(New Test Data).getValue("Color", i)): Reading excel file with source file 'C:\Users\Yuu\Desktop\DataTest1.xlsx' and sheet name 'Sheet1'

2018-05-18 12:49:17 - [TEST_STEP][PASSED] - click: Object: 'Object Repository/Page_Super Market an Ecommerce Onli/i' is clicked on

2018-05-18 12:49:17 - [MESSAGE][PASSED] - Object: 'Object Repository/Page_Super Market an Ecommerce Onli/i' is clicked on

2018-05-18 12:49:17 - [TEST_STEP][PASSED] - click: Object: 'Object Repository/Page_Super Market an Ecommerce Onli/input_ctl00MainContentCreateUs_6' is clicked on

2018-05-18 12:49:18 - [MESSAGE][PASSED] - Object: 'Object Repository/Page_Super Market an Ecommerce Onli/input_ctl00MainContentCreateUs_6' is clicked on

2018-05-18 12:49:18 - [TEST_STEP][PASSED] - Statement - If (i < 3): Actual text and expected text of test object 'Object Repository/Page_Super Market an Ecommerce Onli (1)/span_The password and confirma' are matched.

2018-05-18 12:49:18 - [TEST_STEP][PASSED] - verifyElementText: Actual text and expected text of test object 'Object Repository/Page_Super Market an Ecommerce Onli (1)/span_The password and confirma' are matched.

2018-05-18 12:49:18 - [MESSAGE][PASSED] - Actual text and expected text of test object 'Object Repository/Page_Super Market an Ecommerce Onli (1)/span_The password and confirma' are matched.

2018-05-18 12:49:18 - [TEST_STEP][PASSED] - closeBrowser: Browser is closed

2018-05-18 12:49:19 - [MESSAGE][PASSED] - Browser is closed

2018-05-18 12:49:19 - [TEST_STEP][PASSED] - openBrowser: Browser is opened with url: ''

2018-05-18 12:49:23 - [MESSAGE][PASSED] - Browser is opened with url: ''

2018-05-18 12:49:23 - [TEST_STEP][PASSED] - navigateToUrl: Navigate to 'http://www.sieuthiversion3.somee.com' successfully

2018-05-18 12:49:29 - [MESSAGE][PASSED] - Navigate to 'http://www.sieuthiversion3.somee.com' successfully

2018-05-18 12:49:29 - [TEST_STEP][PASSED] - click: Object: 'Object Repository/Page_Super Market an Ecommerce Onli (3)/a_Create Account' is clicked on

2018-05-18 12:49:31 - [MESSAGE][PASSED] - Object: 'Object Repository/Page_Super Market an Ecommerce Onli (3)/a_Create Account' is clicked on

2018-05-18 12:49:31 - [TEST_STEP][PASSED] - setText: Text 'Hung' is set on object 'Object Repository/Page_Super Market an Ecommerce Onli/input_ctl00MainContentCreateUs'

2018-05-18 12:49:31 - [MESSAGE][PASSED] - Text 'Hung' is set on object 'Object Repository/Page_Super Market an Ecommerce Onli/input_ctl00MainContentCreateUs'

2018-05-18 12:49:31 - [TEST_STEP][PASSED] - setText: Text 'abc@gmail.com' is set on object 'Object Repository/Page_Super Market an Ecommerce Onli/input_ctl00MainContentCreateUs_1'

2018-05-18 12:49:31 - [MESSAGE][PASSED] - Text 'abc@gmail.com' is set on object 'Object Repository/Page_Super Market an Ecommerce Onli/input_ctl00MainContentCreateUs_1'

2018-05-18 12:49:31 - [TEST_STEP][PASSED] - setText: Text 'abc' is set on object 'Object Repository/Page_Super Market an Ecommerce Onli/input_ctl00MainContentCreateUs_2'

2018-05-18 12:49:31 - [MESSAGE][PASSED] - Text 'abc' is set on object 'Object Repository/Page_Super Market an Ecommerce Onli/input_ctl00MainContentCreateUs_2'

2018-05-18 12:49:31 - [TEST_STEP][PASSED] - setText: Text '1234567' is set on object 'Object Repository/Page_Super Market an Ecommerce Onli/input_ctl00MainContentCreateUs_3'

2018-05-18 12:49:32 - [MESSAGE][PASSED] - Text '1234567' is set on object 'Object Repository/Page_Super Market an Ecommerce Onli/input_ctl00MainContentCreateUs_3'

2018-05-18 12:49:32 - [TEST_STEP][PASSED] - setText: Text '1234567' is set on object 'Object Repository/Page_Super Market an Ecommerce Onli/input_ctl00MainContentCreateUs_4'

2018-05-18 12:49:32 - [MESSAGE][PASSED] - Text '1234567' is set on object 'Object Repository/Page_Super Market an Ecommerce Onli/input_ctl00MainContentCreateUs_4'

2018-05-18 12:49:32 - [TEST_STEP][PASSED] - setText: Text 'Red' is set on object 'Object Repository/Page_Super Market an Ecommerce Onli/input_ctl00MainContentCreateUs_5'

2018-05-18 12:49:32 - [MESSAGE][PASSED] - Text 'Red' is set on object 'Object Repository/Page_Super Market an Ecommerce Onli/input_ctl00MainContentCreateUs_5'

2018-05-18 12:49:32 - [TEST_STEP][PASSED] - Statement - out.print(com.kms.katalon.core.testdata.TestDataFactory.findTestData(New Test Data).getValue("Name", i)): Reading excel file with source file 'C:\Users\Yuu\Desktop\DataTest1.xlsx' and sheet name 'Sheet1'

2018-05-18 12:49:32 - [TEST_STEP][PASSED] - Statement - out.print(com.kms.katalon.core.testdata.TestDataFactory.findTestData(New Test Data).getValue("Email", i)): Reading excel file with source file 'C:\Users\Yuu\Desktop\DataTest1.xlsx' and sheet name 'Sheet1'

2018-05-18 12:49:32 - [TEST_STEP][PASSED] - Statement - out.print(com.kms.katalon.core.testdata.TestDataFactory.findTestData(New Test Data).getValue("UserName", i)): Reading excel file with source file 'C:\Users\Yuu\Desktop\DataTest1.xlsx' and sheet name 'Sheet1'

2018-05-18 12:49:32 - [TEST_STEP][PASSED] - Statement - out.print(com.kms.katalon.core.testdata.TestDataFactory.findTestData(New Test Data).getValue("Password", i)): Reading excel file with source file 'C:\Users\Yuu\Desktop\DataTest1.xlsx' and sheet name 'Sheet1'

2018-05-18 12:49:32 - [TEST_STEP][PASSED] - Statement - out.print(com.kms.katalon.core.testdata.TestDataFactory.findTestData(New Test Data).getValue("CoPassword", i)): Reading excel file with source file 'C:\Users\Yuu\Desktop\DataTest1.xlsx' and sheet name 'Sheet1'

2018-05-18 12:49:32 - [TEST_STEP][PASSED] - Statement - out.print(com.kms.katalon.core.testdata.TestDataFactory.findTestData(New Test Data).getValue("Color", i)): Reading excel file with source file 'C:\Users\Yuu\Desktop\DataTest1.xlsx' and sheet name 'Sheet1'

2018-05-18 12:49:32 - [TEST_STEP][PASSED] - click: Object: 'Object Repository/Page_Super Market an Ecommerce Onli/i' is clicked on

2018-05-18 12:49:33 - [MESSAGE][PASSED] - Object: 'Object Repository/Page_Super Market an Ecommerce Onli/i' is clicked on

2018-05-18 12:49:33 - [TEST_STEP][PASSED] - click: Object: 'Object Repository/Page_Super Market an Ecommerce Onli/input_ctl00MainContentCreateUs_6' is clicked on

2018-05-18 12:49:34 - [MESSAGE][PASSED] - Object: 'Object Repository/Page_Super Market an Ecommerce Onli/input_ctl00MainContentCreateUs_6' is clicked on

2018-05-18 12:49:34 - [TEST_STEP][PASSED] - Statement - If (i < 3): null

2018-05-18 12:49:34 - [TEST_STEP][PASSED] - Statement - Else: Actual text and expected text of test object 'Object Repository/Page_Super Market an Ecommerce Onli (2)/div_The password and confirmat' are matched.

2018-05-18 12:49:34 - [TEST_STEP][PASSED] - verifyElementText: Actual text and expected text of test object 'Object Repository/Page_Super Market an Ecommerce Onli (2)/div_The password and confirmat' are matched.

2018-05-18 12:49:34 - [MESSAGE][PASSED] - Actual text and expected text of test object 'Object Repository/Page_Super Market an Ecommerce Onli (2)/div_The password and confirmat' are matched.

2018-05-18 12:49:34 - [TEST_STEP][PASSED] - closeBrowser: Browser is closed

2018-05-18 12:49:35 - [MESSAGE][PASSED] - Browser is closed]]></system-out>
         <system-err><![CDATA[]]></system-err>
      </testcase>
      <system-out><![CDATA[2018-05-18 12:48:44 - [TEST_SUITE][PASSED] - New Test Suite: Test Cases/New Test Case]]></system-out>
      <system-err><![CDATA[]]></system-err>
   </testsuite>
</testsuites>
